<?xml version="1.0" encoding="UTF-8"?>
<testng-results skipped="0" failed="0" total="7" passed="7">
  <reporter-output>
  </reporter-output>
  <suite name="Suite" duration-ms="22762" started-at="2019-03-06T09:11:05Z" finished-at="2019-03-06T09:11:27Z">
    <groups>
    </groups>
    <test name="Test" duration-ms="22762" started-at="2019-03-06T09:11:05Z" finished-at="2019-03-06T09:11:27Z">
      <class name="example.NewTest">
        <test-method status="PASS" signature="init()[pri:0, instance:example.NewTest@33c911a1]" name="init" is-config="true" duration-ms="5968" started-at="2019-03-06T14:41:05Z" finished-at="2019-03-06T14:41:11Z">
          <reporter-output>
          </reporter-output>
        </test-method> <!-- init -->
        <test-method status="PASS" signature="CheckTitle()[pri:0, instance:example.NewTest@33c911a1]" name="CheckTitle" duration-ms="10" started-at="2019-03-06T14:41:11Z" finished-at="2019-03-06T14:41:11Z">
          <reporter-output>
          </reporter-output>
        </test-method> <!-- CheckTitle -->
        <test-method status="PASS" signature="ValidationMessage()[pri:0, instance:example.NewTest@33c911a1]" name="ValidationMessage" duration-ms="1615" started-at="2019-03-06T14:41:11Z" finished-at="2019-03-06T14:41:12Z">
          <reporter-output>
          </reporter-output>
        </test-method> <!-- ValidationMessage -->
        <test-method status="PASS" signature="Login()[pri:0, instance:example.NewTest@33c911a1]" name="Login" duration-ms="2697" started-at="2019-03-06T14:41:12Z" finished-at="2019-03-06T14:41:15Z">
          <reporter-output>
          </reporter-output>
        </test-method> <!-- Login -->
        <test-method status="PASS" signature="DashboardLoadpage()[pri:0, instance:example.NewTest@33c911a1]" name="DashboardLoadpage" duration-ms="6453" started-at="2019-03-06T14:41:15Z" finished-at="2019-03-06T14:41:21Z">
          <reporter-output>
          </reporter-output>
        </test-method> <!-- DashboardLoadpage -->
        <test-method status="PASS" signature="Myaccounts()[pri:0, instance:example.NewTest@33c911a1]" name="Myaccounts" duration-ms="2109" started-at="2019-03-06T14:41:21Z" finished-at="2019-03-06T14:41:24Z">
          <reporter-output>
          </reporter-output>
        </test-method> <!-- Myaccounts -->
        <test-method status="PASS" signature="changePasswordchack()[pri:0, instance:example.NewTest@33c911a1]" name="changePasswordchack" duration-ms="1278" started-at="2019-03-06T14:41:24Z" finished-at="2019-03-06T14:41:25Z">
          <reporter-output>
          </reporter-output>
        </test-method> <!-- changePasswordchack -->
        <test-method status="PASS" signature="LoginHistory()[pri:0, instance:example.NewTest@33c911a1]" name="LoginHistory" duration-ms="2421" started-at="2019-03-06T14:41:25Z" finished-at="2019-03-06T14:41:27Z">
          <reporter-output>
          </reporter-output>
        </test-method> <!-- LoginHistory -->
        <test-method status="PASS" signature="Exitnow()[pri:0, instance:example.NewTest@33c911a1]" name="Exitnow" is-config="true" duration-ms="194" started-at="2019-03-06T14:41:27Z" finished-at="2019-03-06T14:41:27Z">
          <reporter-output>
          </reporter-output>
        </test-method> <!-- Exitnow -->
      </class> <!-- example.NewTest -->
    </test> <!-- Test -->
  </suite> <!-- Suite -->
</testng-results>
