<?xml version="1.0" encoding="UTF-8"?>
<!-- Generated by org.testng.reporters.JUnitXMLReporter -->
<testsuite hostname="computer41" name="Test" tests="1" failures="0" timestamp="5 Mar 2019 09:59:24 GMT" time="56.626" errors="0">
  <testcase name="@BeforeTest beforeTest" time="0.0" classname="example.NewTest">
    <failure type="org.openqa.selenium.WebDriverException" message="Failed to connect to binary FirefoxBinary(C:\Program Files\Mozilla Firefox\firefox.exe) on port 7055; process output follows: 
age&amp;quot;:[[]]}}}},&amp;quot;webcompat-reporter@mozilla.org&amp;quot;:{&amp;quot;dependencies&amp;quot;:[],&amp;quot;enabled&amp;quot;:false,&amp;quot;lastModifiedTime&amp;quot;:1548909472437,&amp;quot;loader&amp;quot;:null,&amp;quot;path&amp;quot;:&amp;quot;webcompat-reporter@mozilla.org.xpi&amp;quot;,&amp;quot;runInSafeMode&amp;quot;:true,&amp;quot;telemetryKey&amp;quot;:&amp;quot;webcompat-reporter%40mozilla.org:1.1.0&amp;quot;,&amp;quot;version&amp;quot;:&amp;quot;1.1.0&amp;quot;},&amp;quot;webcompat@mozilla.org&amp;quot;:{&amp;quot;dependencies&amp;quot;:[],&amp;quot;enabled&amp;quot;:true,&amp;quot;lastModifiedTime&amp;quot;:1544592979652,&amp;quot;loader&amp;quot;:null,&amp;quot;path&amp;quot;:&amp;quot;webcompat@mozilla.org.xpi&amp;quot;,&amp;quot;runInSafeMode&amp;quot;:true,&amp;quot;telemetryKey&amp;quot;:&amp;quot;webcompat%40mozilla.org:3.0.0&amp;quot;,&amp;quot;version&amp;quot;:&amp;quot;3.0.0&amp;quot;}},&amp;quot;staged&amp;quot;:{},&amp;quot;path&amp;quot;:&amp;quot;C:\\Program Files\\Mozilla Firefox\\browser\\features&amp;quot;}}
1551779919082	addons.xpi	DEBUG	Ignoring file: name is not a valid add-on ID: C:\Users\gaurav.kulshrestha\AppData\Local\Temp\anonymous5506273236644056955webdriver-profile\extensions\webdriver-staging
1551779919084	addons.xpi	DEBUG	Existing add-on formautofill@mozilla.org in app-system-defaults
1551779919085	addons.xpi	DEBUG	Existing add-on screenshots@mozilla.org in app-system-defaults
1551779919085	addons.xpi	DEBUG	Existing add-on webcompat-reporter@mozilla.org in app-system-defaults
1551779919086	addons.xpi	DEBUG	Existing add-on webcompat@mozilla.org in app-system-defaults
1551779919087	addons.xpi	DEBUG	scanForChanges changed: false, state: {}
1551779919088	addons.xpi	DEBUG	No changes found
1551779919094	addons.xpi	DEBUG	Loading bootstrap scope from C:\Program Files\Mozilla Firefox\browser\features\formautofill@mozilla.org.xpi
1551779919122	addons.xpi	DEBUG	Calling bootstrap method startup on formautofill@mozilla.org version 1.0
1551779919124	addons.xpi	DEBUG	Loading bootstrap scope from C:\Program Files\Mozilla Firefox\browser\features\screenshots@mozilla.org.xpi
1551779919125	addons.xpi	DEBUG	Calling bootstrap method startup on screenshots@mozilla.org version 35.0.0
1551779919125	addons.xpi	DEBUG	Loading bootstrap scope from C:\Program Files\Mozilla Firefox\browser\features\webcompat@mozilla.org.xpi
1551779919126	addons.xpi	DEBUG	Calling bootstrap method startup on webcompat@mozilla.org version 3.0.0
1551779919128	addons.manager	DEBUG	Registering shutdown blocker for XPIProvider
1551779919128	addons.manager	DEBUG	Provider finished startup: XPIProvider
1551779919128	addons.manager	DEBUG	Starting provider: LightweightThemeManager
1551779919128	addons.manager	DEBUG	Registering shutdown blocker for LightweightThemeManager
1551779919128	addons.manager	DEBUG	Provider finished startup: LightweightThemeManager
1551779919129	addons.manager	DEBUG	Starting provider: GMPProvider
1551779919132	addons.manager	DEBUG	Registering shutdown blocker for GMPProvider
1551779919132	addons.manager	DEBUG	Provider finished startup: GMPProvider
1551779919132	addons.manager	DEBUG	Starting provider: PluginProvider
1551779919132	addons.manager	DEBUG	Registering shutdown blocker for PluginProvider
1551779919133	addons.manager	DEBUG	Provider finished startup: PluginProvider
1551779919137	addons.manager	DEBUG	Completed startup sequence
1551779920996	addons.xpi-utils	DEBUG	Starting async load of XPI database C:\Users\gaurav.kulshrestha\AppData\Local\Temp\anonymous5506273236644056955webdriver-profile\extensions.json
1551779921033	addons.xpi	DEBUG	Ignoring file: name is not a valid add-on ID: C:\Users\gaurav.kulshrestha\AppData\Local\Temp\anonymous5506273236644056955webdriver-profile\extensions\webdriver-staging
1551779921035	addons.xpi	DEBUG	Existing add-on formautofill@mozilla.org in app-system-defaults
1551779921035	addons.xpi	DEBUG	Existing add-on screenshots@mozilla.org in app-system-defaults
1551779921036	addons.xpi	DEBUG	Existing add-on webcompat-reporter@mozilla.org in app-system-defaults
1551779921036	addons.xpi	DEBUG	Existing add-on webcompat@mozilla.org in app-system-defaults
1551779921037	addons.xpi	DEBUG	scanForChanges changed: false, state: {}
1551779921329	addons.xpi-utils	DEBUG	Finished async read of XPI database, parsing...
*** Blocklist::_loadFileInternal: blocklist is disabled
1551779921707	addons.manager	DEBUG	Registering upgrade listener for formautofill@mozilla.org
1551779921720	addons.xpi-utils	DEBUG	Successfully read XPI database

Build info: version: &amp;apos;2.45.0&amp;apos;, revision: &amp;apos;5017cb8e7ca8e37638dc3091b2440b90a1d8686f&amp;apos;, time: &amp;apos;2015-02-27 09:10:26&amp;apos;
System info: host: &amp;apos;computer41&amp;apos;, ip: &amp;apos;192.168.1.36&amp;apos;, os.name: &amp;apos;Windows 10&amp;apos;, os.arch: &amp;apos;amd64&amp;apos;, os.version: &amp;apos;10.0&amp;apos;, java.version: &amp;apos;1.8.0_191&amp;apos;
Driver info: driver.version: FirefoxDriver">
      <![CDATA[org.openqa.selenium.WebDriverException: Failed to connect to binary FirefoxBinary(C:\Program Files\Mozilla Firefox\firefox.exe) on port 7055; process output follows: 
age":[[]]}}}},"webcompat-reporter@mozilla.org":{"dependencies":[],"enabled":false,"lastModifiedTime":1548909472437,"loader":null,"path":"webcompat-reporter@mozilla.org.xpi","runInSafeMode":true,"telemetryKey":"webcompat-reporter%40mozilla.org:1.1.0","version":"1.1.0"},"webcompat@mozilla.org":{"dependencies":[],"enabled":true,"lastModifiedTime":1544592979652,"loader":null,"path":"webcompat@mozilla.org.xpi","runInSafeMode":true,"telemetryKey":"webcompat%40mozilla.org:3.0.0","version":"3.0.0"}},"staged":{},"path":"C:\\Program Files\\Mozilla Firefox\\browser\\features"}}
1551779919082	addons.xpi	DEBUG	Ignoring file: name is not a valid add-on ID: C:\Users\gaurav.kulshrestha\AppData\Local\Temp\anonymous5506273236644056955webdriver-profile\extensions\webdriver-staging
1551779919084	addons.xpi	DEBUG	Existing add-on formautofill@mozilla.org in app-system-defaults
1551779919085	addons.xpi	DEBUG	Existing add-on screenshots@mozilla.org in app-system-defaults
1551779919085	addons.xpi	DEBUG	Existing add-on webcompat-reporter@mozilla.org in app-system-defaults
1551779919086	addons.xpi	DEBUG	Existing add-on webcompat@mozilla.org in app-system-defaults
1551779919087	addons.xpi	DEBUG	scanForChanges changed: false, state: {}
1551779919088	addons.xpi	DEBUG	No changes found
1551779919094	addons.xpi	DEBUG	Loading bootstrap scope from C:\Program Files\Mozilla Firefox\browser\features\formautofill@mozilla.org.xpi
1551779919122	addons.xpi	DEBUG	Calling bootstrap method startup on formautofill@mozilla.org version 1.0
1551779919124	addons.xpi	DEBUG	Loading bootstrap scope from C:\Program Files\Mozilla Firefox\browser\features\screenshots@mozilla.org.xpi
1551779919125	addons.xpi	DEBUG	Calling bootstrap method startup on screenshots@mozilla.org version 35.0.0
1551779919125	addons.xpi	DEBUG	Loading bootstrap scope from C:\Program Files\Mozilla Firefox\browser\features\webcompat@mozilla.org.xpi
1551779919126	addons.xpi	DEBUG	Calling bootstrap method startup on webcompat@mozilla.org version 3.0.0
1551779919128	addons.manager	DEBUG	Registering shutdown blocker for XPIProvider
1551779919128	addons.manager	DEBUG	Provider finished startup: XPIProvider
1551779919128	addons.manager	DEBUG	Starting provider: LightweightThemeManager
1551779919128	addons.manager	DEBUG	Registering shutdown blocker for LightweightThemeManager
1551779919128	addons.manager	DEBUG	Provider finished startup: LightweightThemeManager
1551779919129	addons.manager	DEBUG	Starting provider: GMPProvider
1551779919132	addons.manager	DEBUG	Registering shutdown blocker for GMPProvider
1551779919132	addons.manager	DEBUG	Provider finished startup: GMPProvider
1551779919132	addons.manager	DEBUG	Starting provider: PluginProvider
1551779919132	addons.manager	DEBUG	Registering shutdown blocker for PluginProvider
1551779919133	addons.manager	DEBUG	Provider finished startup: PluginProvider
1551779919137	addons.manager	DEBUG	Completed startup sequence
1551779920996	addons.xpi-utils	DEBUG	Starting async load of XPI database C:\Users\gaurav.kulshrestha\AppData\Local\Temp\anonymous5506273236644056955webdriver-profile\extensions.json
1551779921033	addons.xpi	DEBUG	Ignoring file: name is not a valid add-on ID: C:\Users\gaurav.kulshrestha\AppData\Local\Temp\anonymous5506273236644056955webdriver-profile\extensions\webdriver-staging
1551779921035	addons.xpi	DEBUG	Existing add-on formautofill@mozilla.org in app-system-defaults
1551779921035	addons.xpi	DEBUG	Existing add-on screenshots@mozilla.org in app-system-defaults
1551779921036	addons.xpi	DEBUG	Existing add-on webcompat-reporter@mozilla.org in app-system-defaults
1551779921036	addons.xpi	DEBUG	Existing add-on webcompat@mozilla.org in app-system-defaults
1551779921037	addons.xpi	DEBUG	scanForChanges changed: false, state: {}
1551779921329	addons.xpi-utils	DEBUG	Finished async read of XPI database, parsing...
*** Blocklist::_loadFileInternal: blocklist is disabled
1551779921707	addons.manager	DEBUG	Registering upgrade listener for formautofill@mozilla.org
1551779921720	addons.xpi-utils	DEBUG	Successfully read XPI database

Build info: version: '2.45.0', revision: '5017cb8e7ca8e37638dc3091b2440b90a1d8686f', time: '2015-02-27 09:10:26'
System info: host: 'computer41', ip: '192.168.1.36', os.name: 'Windows 10', os.arch: 'amd64', os.version: '10.0', java.version: '1.8.0_191'
Driver info: driver.version: FirefoxDriver
	at org.openqa.selenium.firefox.internal.NewProfileExtensionConnection.start(NewProfileExtensionConnection.java:130)
	at org.openqa.selenium.firefox.FirefoxDriver.startClient(FirefoxDriver.java:246)
	at org.openqa.selenium.remote.RemoteWebDriver.<init>(RemoteWebDriver.java:114)
	at org.openqa.selenium.firefox.FirefoxDriver.<init>(FirefoxDriver.java:191)
	at org.openqa.selenium.firefox.FirefoxDriver.<init>(FirefoxDriver.java:186)
	at org.openqa.selenium.firefox.FirefoxDriver.<init>(FirefoxDriver.java:182)
	at org.openqa.selenium.firefox.FirefoxDriver.<init>(FirefoxDriver.java:95)
	at example.NewTest.beforeTest(NewTest.java:23)
Caused by: org.openqa.selenium.firefox.NotConnectedException: Unable to connect to host 127.0.0.1 on port 7055 after 45000 ms. Firefox console output:
age":[[]]}}}},"webcompat-reporter@mozilla.org":{"dependencies":[],"enabled":false,"lastModifiedTime":1548909472437,"loader":null,"path":"webcompat-reporter@mozilla.org.xpi","runInSafeMode":true,"telemetryKey":"webcompat-reporter%40mozilla.org:1.1.0","version":"1.1.0"},"webcompat@mozilla.org":{"dependencies":[],"enabled":true,"lastModifiedTime":1544592979652,"loader":null,"path":"webcompat@mozilla.org.xpi","runInSafeMode":true,"telemetryKey":"webcompat%40mozilla.org:3.0.0","version":"3.0.0"}},"staged":{},"path":"C:\\Program Files\\Mozilla Firefox\\browser\\features"}}
1551779919082	addons.xpi	DEBUG	Ignoring file: name is not a valid add-on ID: C:\Users\gaurav.kulshrestha\AppData\Local\Temp\anonymous5506273236644056955webdriver-profile\extensions\webdriver-staging
1551779919084	addons.xpi	DEBUG	Existing add-on formautofill@mozilla.org in app-system-defaults
1551779919085	addons.xpi	DEBUG	Existing add-on screenshots@mozilla.org in app-system-defaults
1551779919085	addons.xpi	DEBUG	Existing add-on webcompat-reporter@mozilla.org in app-system-defaults
1551779919086	addons.xpi	DEBUG	Existing add-on webcompat@mozilla.org in app-system-defaults
1551779919087	addons.xpi	DEBUG	scanForChanges changed: false, state: {}
1551779919088	addons.xpi	DEBUG	No changes found
1551779919094	addons.xpi	DEBUG	Loading bootstrap scope from C:\Program Files\Mozilla Firefox\browser\features\formautofill@mozilla.org.xpi
1551779919122	addons.xpi	DEBUG	Calling bootstrap method startup on formautofill@mozilla.org version 1.0
1551779919124	addons.xpi	DEBUG	Loading bootstrap scope from C:\Program Files\Mozilla Firefox\browser\features\screenshots@mozilla.org.xpi
1551779919125	addons.xpi	DEBUG	Calling bootstrap method startup on screenshots@mozilla.org version 35.0.0
1551779919125	addons.xpi	DEBUG	Loading bootstrap scope from C:\Program Files\Mozilla Firefox\browser\features\webcompat@mozilla.org.xpi
1551779919126	addons.xpi	DEBUG	Calling bootstrap method startup on webcompat@mozilla.org version 3.0.0
1551779919128	addons.manager	DEBUG	Registering shutdown blocker for XPIProvider
1551779919128	addons.manager	DEBUG	Provider finished startup: XPIProvider
1551779919128	addons.manager	DEBUG	Starting provider: LightweightThemeManager
1551779919128	addons.manager	DEBUG	Registering shutdown blocker for LightweightThemeManager
1551779919128	addons.manager	DEBUG	Provider finished startup: LightweightThemeManager
1551779919129	addons.manager	DEBUG	Starting provider: GMPProvider
1551779919132	addons.manager	DEBUG	Registering shutdown blocker for GMPProvider
1551779919132	addons.manager	DEBUG	Provider finished startup: GMPProvider
1551779919132	addons.manager	DEBUG	Starting provider: PluginProvider
1551779919132	addons.manager	DEBUG	Registering shutdown blocker for PluginProvider
1551779919133	addons.manager	DEBUG	Provider finished startup: PluginProvider
1551779919137	addons.manager	DEBUG	Completed startup sequence
1551779920996	addons.xpi-utils	DEBUG	Starting async load of XPI database C:\Users\gaurav.kulshrestha\AppData\Local\Temp\anonymous5506273236644056955webdriver-profile\extensions.json
1551779921033	addons.xpi	DEBUG	Ignoring file: name is not a valid add-on ID: C:\Users\gaurav.kulshrestha\AppData\Local\Temp\anonymous5506273236644056955webdriver-profile\extensions\webdriver-staging
1551779921035	addons.xpi	DEBUG	Existing add-on formautofill@mozilla.org in app-system-defaults
1551779921035	addons.xpi	DEBUG	Existing add-on screenshots@mozilla.org in app-system-defaults
1551779921036	addons.xpi	DEBUG	Existing add-on webcompat-reporter@mozilla.org in app-system-defaults
1551779921036	addons.xpi	DEBUG	Existing add-on webcompat@mozilla.org in app-system-defaults
1551779921037	addons.xpi	DEBUG	scanForChanges changed: false, state: {}
1551779921329	addons.xpi-utils	DEBUG	Finished async read of XPI database, parsing...
*** Blocklist::_loadFileInternal: blocklist is disabled
1551779921707	addons.manager	DEBUG	Registering upgrade listener for formautofill@mozilla.org
1551779921720	addons.xpi-utils	DEBUG	Successfully read XPI database

	at org.openqa.selenium.firefox.internal.NewProfileExtensionConnection.start(NewProfileExtensionConnection.java:118)
	... 29 more
... Removed 22 stack frames]]>
    </failure>
  </testcase> <!-- @BeforeTest beforeTest -->
  <testcase name="@AfterTest afterTest" time="0.0" classname="example.NewTest">
    <skipped/>
  </testcase> <!-- @AfterTest afterTest -->
  <testcase name="testEasy" time="0.002" classname="example.NewTest">
    <skipped/>
  </testcase> <!-- testEasy -->
</testsuite> <!-- Test -->
