<?xml version="1.0" encoding="UTF-8"?>
<!-- Generated by org.testng.reporters.JUnitXMLReporter -->
<testsuite hostname="computer41" name="Default test" tests="7" failures="0" timestamp="6 Mar 2019 05:44:03 GMT" time="21.97" errors="0">
  <testcase name="CheckTitle" time="0.016" classname="example.NewTest"/>
  <testcase name="ValidationMessage" time="1.66" classname="example.NewTest"/>
  <testcase name="Login" time="2.57" classname="example.NewTest"/>
  <testcase name="DashboardLoadpage" time="5.442" classname="example.NewTest"/>
  <testcase name="Myaccounts" time="2.059" classname="example.NewTest"/>
  <testcase name="changePasswordchack" time="1.304" classname="example.NewTest"/>
  <testcase name="LoginHistory" time="2.21" classname="example.NewTest"/>
</testsuite> <!-- Default test -->
